# JRE version: OpenJDK Runtime Environment Temurin-17.0.17+10 (17.0.17+10) (build 17.0.17+10)
# Java VM: OpenJDK 64-Bit Server VM Temurin-17.0.17+10 (17.0.17+10, mixed mode, sharing, tiered, compressed oops, compressed class ptrs, g1 gc, windows-amd64)
GC Precious Log:
 CPUs: 8 total, 8 available
 Memory: 5855M
 Large Page Support: Disabled
 NUMA Support: Disabled
 Compressed Oops: Enabled (Zero based)
 Heap Region Size: 2M
 Heap Min Capacity: 8M
 Heap Initial Capacity: 92M
 Heap Max Capacity: 4G
 Pre-touch: Disabled
 Parallel Workers: 8
 Concurrent Workers: 2
 Concurrent Refinement Workers: 8
 Periodic GC: Disabled
Heap:
 garbage-first heap   total 231424K, used 130036K [0x0000000700000000, 0x0000000800000000)
  region size 2048K, 1 young (2048K), 1 survivors (2048K)
 Metaspace       used 105457K, committed 106304K, reserved 557056K
  class space    used 14505K, committed 14912K, reserved 425984K
GC Heap History (20 events):
Event: 22.974 GC heap after
{Heap after GC invocations=29 (full 0):
 garbage-first heap   total 147456K, used 77591K [0x0000000700000000, 0x0000000800000000)
  region size 2048K, 2 young (4096K), 2 survivors (4096K)
 Metaspace       used 73592K, committed 74368K, reserved 491520K
  class space    used 10500K, committed 10880K, reserved 425984K
}
Event: 22.990 GC heap before
{Heap before GC invocations=29 (full 0):
 garbage-first heap   total 147456K, used 77591K [0x0000000700000000, 0x0000000800000000)
  region size 2048K, 3 young (6144K), 2 survivors (4096K)
 Metaspace       used 73592K, committed 74368K, reserved 491520K
  class space    used 10500K, committed 10880K, reserved 425984K
}
Event: 22.993 GC heap after
{Heap after GC invocations=30 (full 0):
 garbage-first heap   total 147456K, used 74830K [0x0000000700000000, 0x0000000800000000)
  region size 2048K, 1 young (2048K), 1 survivors (2048K)
 Metaspace       used 73592K, committed 74368K, reserved 491520K
  class space    used 10500K, committed 10880K, reserved 425984K
}
Event: 23.465 GC heap before
{Heap before GC invocations=30 (full 0):
 garbage-first heap   total 147456K, used 111694K [0x0000000700000000, 0x0000000800000000)
  region size 2048K, 20 young (40960K), 1 survivors (2048K)
 Metaspace       used 73616K, committed 74368K, reserved 491520K
  class space    used 10501K, committed 10880K, reserved 425984K
}
Event: 23.469 GC heap after
{Heap after GC invocations=31 (full 0):
 garbage-first heap   total 231424K, used 77884K [0x0000000700000000, 0x0000000800000000)
  region size 2048K, 2 young (4096K), 2 survivors (4096K)
 Metaspace       used 73616K, committed 74368K, reserved 491520K
  class space    used 10501K, committed 10880K, reserved 425984K
}
Event: 24.416 GC heap before
{Heap before GC invocations=32 (full 0):
 garbage-first heap   total 231424K, used 178236K [0x0000000700000000, 0x0000000800000000)
  region size 2048K, 51 young (104448K), 2 survivors (4096K)
 Metaspace       used 73621K, committed 74368K, reserved 491520K
  class space    used 10501K, committed 10880K, reserved 425984K
}
Event: 24.423 GC heap after
{Heap after GC invocations=33 (full 0):
 garbage-first heap   total 231424K, used 82034K [0x0000000700000000, 0x0000000800000000)
  region size 2048K, 4 young (8192K), 4 survivors (8192K)
 Metaspace       used 73621K, committed 74368K, reserved 491520K
  class space    used 10501K, committed 10880K, reserved 425984K
}
Event: 24.466 GC heap before
{Heap before GC invocations=33 (full 0):
 garbage-first heap   total 231424K, used 82034K [0x0000000700000000, 0x0000000800000000)
  region size 2048K, 5 young (10240K), 4 survivors (8192K)
 Metaspace       used 73621K, committed 74368K, reserved 491520K
  class space    used 10501K, committed 10880K, reserved 425984K
}
Event: 24.470 GC heap after
{Heap after GC invocations=34 (full 0):
 garbage-first heap   total 231424K, used 81187K [0x0000000700000000, 0x0000000800000000)
  region size 2048K, 1 young (2048K), 1 survivors (2048K)
 Metaspace       used 73621K, committed 74368K, reserved 491520K
  class space    used 10501K, committed 10880K, reserved 425984K
}
Event: 25.629 GC heap before
{Heap before GC invocations=34 (full 0):
 garbage-first heap   total 231424K, used 179491K [0x0000000700000000, 0x0000000800000000)
  region size 2048K, 50 young (102400K), 1 survivors (2048K)
 Metaspace       used 86574K, committed 87424K, reserved 557056K
  class space    used 12531K, committed 12928K, reserved 425984K
}
Event: 25.633 GC heap after
{Heap after GC invocations=35 (full 0):
 garbage-first heap   total 231424K, used 83793K [0x0000000700000000, 0x0000000800000000)
  region size 2048K, 2 young (4096K), 2 survivors (4096K)
 Metaspace       used 86574K, committed 87424K, reserved 557056K
  class space    used 12531K, committed 12928K, reserved 425984K
}
Event: 26.231 GC heap before
{Heap before GC invocations=35 (full 0):
 garbage-first heap   total 231424K, used 184145K [0x0000000700000000, 0x0000000800000000)
  region size 2048K, 52 young (106496K), 2 survivors (4096K)
 Metaspace       used 88707K, committed 89600K, reserved 557056K
  class space    used 12793K, committed 13248K, reserved 425984K
}
Event: 26.252 GC heap after
{Heap after GC invocations=36 (full 0):
 garbage-first heap   total 231424K, used 121253K [0x0000000700000000, 0x0000000800000000)
  region size 2048K, 7 young (14336K), 7 survivors (14336K)
 Metaspace       used 88707K, committed 89600K, reserved 557056K
  class space    used 12793K, committed 13248K, reserved 425984K
}
Event: 26.905 GC heap before
{Heap before GC invocations=36 (full 0):
 garbage-first heap   total 231424K, used 170405K [0x0000000700000000, 0x0000000800000000)
  region size 2048K, 32 young (65536K), 7 survivors (14336K)
 Metaspace       used 93926K, committed 94784K, reserved 557056K
  class space    used 13346K, committed 13760K, reserved 425984K
}
Event: 26.918 GC heap after
{Heap after GC invocations=37 (full 0):
 garbage-first heap   total 231424K, used 126597K [0x0000000700000000, 0x0000000800000000)
  region size 2048K, 2 young (4096K), 2 survivors (4096K)
 Metaspace       used 93926K, committed 94784K, reserved 557056K
  class space    used 13346K, committed 13760K, reserved 425984K
}
Event: 27.451 GC heap before
{Heap before GC invocations=38 (full 0):
 garbage-first heap   total 231424K, used 177797K [0x0000000700000000, 0x0000000800000000)
  region size 2048K, 27 young (55296K), 2 survivors (4096K)
 Metaspace       used 98492K, committed 99328K, reserved 557056K
  class space    used 13840K, committed 14272K, reserved 425984K
}
Event: 27.458 GC heap after
{Heap after GC invocations=39 (full 0):
 garbage-first heap   total 231424K, used 129751K [0x0000000700000000, 0x0000000800000000)
  region size 2048K, 4 young (8192K), 4 survivors (8192K)
 Metaspace       used 98492K, committed 99328K, reserved 557056K
  class space    used 13840K, committed 14272K, reserved 425984K
}
Event: 27.473 GC heap before
{Heap before GC invocations=39 (full 0):
 garbage-first heap   total 231424K, used 131799K [0x0000000700000000, 0x0000000800000000)
  region size 2048K, 5 young (10240K), 4 survivors (8192K)
 Metaspace       used 98886K, committed 99712K, reserved 557056K
  class space    used 13847K, committed 14272K, reserved 425984K
}
Event: 27.479 GC heap after
{Heap after GC invocations=40 (full 0):
 garbage-first heap   total 231424K, used 129052K [0x0000000700000000, 0x0000000800000000)
  region size 2048K, 1 young (2048K), 1 survivors (2048K)
 Metaspace       used 98886K, committed 99712K, reserved 557056K
  class space    used 13847K, committed 14272K, reserved 425984K
}
Event: 27.973 GC heap before
{Heap before GC invocations=40 (full 0):
 garbage-first heap   total 231424K, used 178204K [0x0000000700000000, 0x0000000800000000)
  region size 2048K, 26 young (53248K), 1 survivors (2048K)
 Metaspace       used 105457K, committed 106304K, reserved 557056K
  class space    used 14505K, committed 14912K, reserved 425984K
}

