# JRE version: OpenJDK Runtime Environment Temurin-17.0.17+10 (17.0.17+10) (build 17.0.17+10)
# Java VM: OpenJDK 64-Bit Server VM Temurin-17.0.17+10 (17.0.17+10, mixed mode, sharing, tiered, compressed oops, compressed class ptrs, g1 gc, windows-amd64)
GC Precious Log:
 CPUs: 8 total, 8 available
 Memory: 5855M
 Large Page Support: Disabled
 NUMA Support: Disabled
 Compressed Oops: Enabled (Zero based)
 Heap Region Size: 2M
 Heap Min Capacity: 8M
 Heap Initial Capacity: 92M
 Heap Max Capacity: 2560M
 Pre-touch: Disabled
 Parallel Workers: 8
 Concurrent Workers: 2
 Concurrent Refinement Workers: 8
 Periodic GC: Disabled
Heap:
 garbage-first heap   total 237568K, used 131312K [0x0000000760000000, 0x0000000800000000)
  region size 2048K, 4 young (8192K), 4 survivors (8192K)
 Metaspace       used 102030K, committed 102848K, reserved 458752K
  class space    used 14047K, committed 14400K, reserved 327680K
GC Heap History (20 events):
Event: 21.224 GC heap after
{Heap after GC invocations=33 (full 0):
 garbage-first heap   total 133120K, used 69619K [0x0000000760000000, 0x0000000800000000)
  region size 2048K, 1 young (2048K), 1 survivors (2048K)
 Metaspace       used 69158K, committed 69888K, reserved 393216K
  class space    used 9953K, committed 10304K, reserved 327680K
}
Event: 21.954 GC heap before
{Heap before GC invocations=33 (full 0):
 garbage-first heap   total 133120K, used 104435K [0x0000000760000000, 0x0000000800000000)
  region size 2048K, 18 young (36864K), 1 survivors (2048K)
 Metaspace       used 69174K, committed 69888K, reserved 393216K
  class space    used 9953K, committed 10304K, reserved 327680K
}
Event: 21.958 GC heap after
{Heap after GC invocations=34 (full 0):
 garbage-first heap   total 133120K, used 72811K [0x0000000760000000, 0x0000000800000000)
  region size 2048K, 2 young (4096K), 2 survivors (4096K)
 Metaspace       used 69174K, committed 69888K, reserved 393216K
  class space    used 9953K, committed 10304K, reserved 327680K
}
Event: 22.533 GC heap before
{Heap before GC invocations=35 (full 0):
 garbage-first heap   total 133120K, used 105579K [0x0000000760000000, 0x0000000800000000)
  region size 2048K, 18 young (36864K), 2 survivors (4096K)
 Metaspace       used 69178K, committed 69888K, reserved 393216K
  class space    used 9953K, committed 10304K, reserved 327680K
}
Event: 22.536 GC heap after
{Heap after GC invocations=36 (full 0):
 garbage-first heap   total 133120K, used 74835K [0x0000000760000000, 0x0000000800000000)
  region size 2048K, 3 young (6144K), 3 survivors (6144K)
 Metaspace       used 69178K, committed 69888K, reserved 393216K
  class space    used 9953K, committed 10304K, reserved 327680K
}
Event: 22.564 GC heap before
{Heap before GC invocations=36 (full 0):
 garbage-first heap   total 133120K, used 74835K [0x0000000760000000, 0x0000000800000000)
  region size 2048K, 4 young (8192K), 3 survivors (6144K)
 Metaspace       used 69181K, committed 69888K, reserved 393216K
  class space    used 9953K, committed 10304K, reserved 327680K
}
Event: 22.569 GC heap after
{Heap after GC invocations=37 (full 0):
 garbage-first heap   total 133120K, used 74268K [0x0000000760000000, 0x0000000800000000)
  region size 2048K, 1 young (2048K), 1 survivors (2048K)
 Metaspace       used 69181K, committed 69888K, reserved 393216K
  class space    used 9953K, committed 10304K, reserved 327680K
}
Event: 23.053 GC heap before
{Heap before GC invocations=37 (full 0):
 garbage-first heap   total 133120K, used 107036K [0x0000000760000000, 0x0000000800000000)
  region size 2048K, 17 young (34816K), 1 survivors (2048K)
 Metaspace       used 69181K, committed 69888K, reserved 393216K
  class space    used 9954K, committed 10304K, reserved 327680K
}
Event: 23.056 GC heap after
{Heap after GC invocations=38 (full 0):
 garbage-first heap   total 237568K, used 77109K [0x0000000760000000, 0x0000000800000000)
  region size 2048K, 2 young (4096K), 2 survivors (4096K)
 Metaspace       used 69181K, committed 69888K, reserved 393216K
  class space    used 9954K, committed 10304K, reserved 327680K
}
Event: 24.852 GC heap before
{Heap before GC invocations=39 (full 0):
 garbage-first heap   total 237568K, used 187701K [0x0000000760000000, 0x0000000800000000)
  region size 2048K, 56 young (114688K), 2 survivors (4096K)
 Metaspace       used 81694K, committed 82496K, reserved 458752K
  class space    used 11947K, committed 12352K, reserved 327680K
}
Event: 24.860 GC heap after
{Heap after GC invocations=40 (full 0):
 garbage-first heap   total 237568K, used 81371K [0x0000000760000000, 0x0000000800000000)
  region size 2048K, 4 young (8192K), 4 survivors (8192K)
 Metaspace       used 81694K, committed 82496K, reserved 458752K
  class space    used 11947K, committed 12352K, reserved 327680K
}
Event: 24.876 GC heap before
{Heap before GC invocations=40 (full 0):
 garbage-first heap   total 237568K, used 81371K [0x0000000760000000, 0x0000000800000000)
  region size 2048K, 5 young (10240K), 4 survivors (8192K)
 Metaspace       used 81832K, committed 82624K, reserved 458752K
  class space    used 11967K, committed 12352K, reserved 327680K
}
Event: 24.883 GC heap after
{Heap after GC invocations=41 (full 0):
 garbage-first heap   total 237568K, used 80853K [0x0000000760000000, 0x0000000800000000)
  region size 2048K, 1 young (2048K), 1 survivors (2048K)
 Metaspace       used 81832K, committed 82624K, reserved 458752K
  class space    used 11967K, committed 12352K, reserved 327680K
}
Event: 25.362 GC heap before
{Heap before GC invocations=41 (full 0):
 garbage-first heap   total 237568K, used 181205K [0x0000000760000000, 0x0000000800000000)
  region size 2048K, 50 young (102400K), 1 survivors (2048K)
 Metaspace       used 84325K, committed 85184K, reserved 458752K
  class space    used 12258K, committed 12672K, reserved 327680K
}
Event: 25.380 GC heap after
{Heap after GC invocations=42 (full 0):
 garbage-first heap   total 237568K, used 116213K [0x0000000760000000, 0x0000000800000000)
  region size 2048K, 7 young (14336K), 7 survivors (14336K)
 Metaspace       used 84325K, committed 85184K, reserved 458752K
  class space    used 12258K, committed 12672K, reserved 327680K
}
Event: 26.054 GC heap before
{Heap before GC invocations=42 (full 0):
 garbage-first heap   total 237568K, used 173557K [0x0000000760000000, 0x0000000800000000)
  region size 2048K, 36 young (73728K), 7 survivors (14336K)
 Metaspace       used 89966K, committed 90752K, reserved 458752K
  class space    used 12840K, committed 13248K, reserved 327680K
}
Event: 26.065 GC heap after
{Heap after GC invocations=43 (full 0):
 garbage-first heap   total 237568K, used 124493K [0x0000000760000000, 0x0000000800000000)
  region size 2048K, 3 young (6144K), 3 survivors (6144K)
 Metaspace       used 89966K, committed 90752K, reserved 458752K
  class space    used 12840K, committed 13248K, reserved 327680K
}
Event: 26.568 GC heap before
{Heap before GC invocations=43 (full 0):
 garbage-first heap   total 237568K, used 179789K [0x0000000760000000, 0x0000000800000000)
  region size 2048K, 31 young (63488K), 3 survivors (6144K)
 Metaspace       used 95537K, committed 96320K, reserved 458752K
  class space    used 13389K, committed 13760K, reserved 327680K
}
Event: 26.576 GC heap after
{Heap after GC invocations=44 (full 0):
 garbage-first heap   total 237568K, used 127565K [0x0000000760000000, 0x0000000800000000)
  region size 2048K, 2 young (4096K), 2 survivors (4096K)
 Metaspace       used 95537K, committed 96320K, reserved 458752K
  class space    used 13389K, committed 13760K, reserved 327680K
}
Event: 27.100 GC heap before
{Heap before GC invocations=44 (full 0):
 garbage-first heap   total 237568K, used 182861K [0x0000000760000000, 0x0000000800000000)
  region size 2048K, 30 young (61440K), 2 survivors (4096K)
 Metaspace       used 102030K, committed 102848K, reserved 458752K
  class space    used 14047K, committed 14400K, reserved 327680K
}

